<?xml version="1.0" encoding="utf-8"?><testsuites name="pytest tests"><testsuite name="pytest" errors="0" failures="0" skipped="0" tests="21" time="22.678" timestamp="2026-06-13T03:57:04.062871+00:00" hostname="agent-env-e1db5dd5-86fa-4708-8d82-cc043e993419"><testcase classname="backend.tests.backend_test" name="test_health" time="0.176" /><testcase classname="backend.tests.backend_test" name="test_products_seeded" time="0.046" /><testcase classname="backend.tests.backend_test" name="test_products_search" time="0.042" /><testcase classname="backend.tests.backend_test" name="test_product_crud" time="0.263" /><testcase classname="backend.tests.backend_test" name="test_leads_sorted_by_priority" time="0.046" /><testcase classname="backend.tests.backend_test" name="test_qualify_high_value_creates_lead" time="3.058" /><testcase classname="backend.tests.backend_test" name="test_simulate[high_value]" time="3.124" /><testcase classname="backend.tests.backend_test" name="test_simulate[frustrated]" time="2.225" /><testcase classname="backend.tests.backend_test" name="test_simulate[low_intent]" time="2.274" /><testcase classname="backend.tests.backend_test" name="test_simulate[purchase]" time="2.393" /><testcase classname="backend.tests.backend_test" name="test_lead_reply_advances_status" time="2.917" /><testcase classname="backend.tests.backend_test" name="test_lead_status_patch" time="2.764" /><testcase classname="backend.tests.backend_test" name="test_lead_404" time="0.042" /><testcase classname="backend.tests.backend_test" name="test_metrics" time="0.044" /><testcase classname="backend.tests.backend_test" name="test_chat_purchase_intent" time="2.510" /><testcase classname="backend.tests.backend_test" name="test_wallet_auto_create_and_topup" time="0.137" /><testcase classname="backend.tests.backend_test" name="test_order_with_wallet" time="0.283" /><testcase classname="backend.tests.backend_test" name="test_order_insufficient_balance" time="0.092" /><testcase classname="backend.tests.backend_test" name="test_admin_analytics" time="0.046" /><testcase classname="backend.tests.backend_test" name="test_admin_chat_logs" time="0.048" /><testcase classname="backend.tests.backend_test" name="test_telegram_wrong_secret" time="0.048" /></testsuite></testsuites>